<?xml version="1.0" encoding="UTF-8"?>
<!-- Generated by org.testng.reporters.JUnitXMLReporter -->
<testsuite ignored="0" hostname="LAPTOP-KJN1LOHG" failures="0" tests="4" name="Default test" time="43.822" errors="0" timestamp="2025-12-17T09:44:47 IST">
  <testcase classname="pro.dataprovider_proj.test" name="testWithMultiData" time="7.543"/>
  <testcase classname="pro.dataprovider_proj.test" name="testWithMultiData" time="15.03"/>
  <testcase classname="pro.dataprovider_proj.test" name="testWithMultiData" time="14.362"/>
  <testcase classname="pro.dataprovider_proj.test" name="testWithMultiData" time="6.836"/>
</testsuite> <!-- Default test -->
