<?xml version="1.0" encoding="UTF-8"?>
<!-- Generated by org.testng.reporters.JUnitXMLReporter -->
<testsuite ignored="0" hostname="LAPTOP-KJN1LOHG" failures="0" tests="4" name="Default test" time="73.8" errors="0" timestamp="2025-12-16T14:00:35 IST">
  <testcase classname="DataProvider_HRM.Test" name="test" time="14.127"/>
  <testcase classname="DataProvider_HRM.Test" name="test" time="27.388"/>
  <testcase classname="DataProvider_HRM.Test" name="test" time="20.262"/>
  <testcase classname="DataProvider_HRM.Test" name="test" time="11.961"/>
</testsuite> <!-- Default test -->
