<?xml version="1.0" encoding="UTF-8"?>
<!-- Generated by org.testng.reporters.JUnitXMLReporter -->
<testsuite ignored="0" hostname="LAPTOP-KJN1LOHG" failures="0" tests="8" name="Test" time="123.417" errors="0" timestamp="2025-12-16T14:10:54 IST">
  <testcase classname="DataProvider_HRM.Test" name="test" time="15.886"/>
  <testcase classname="DataProvider_HRM.Test" name="test" time="18.529"/>
  <testcase classname="DataProvider_HRM.Test" name="test" time="20.501"/>
  <testcase classname="DataProvider_HRM.Test" name="test" time="13.286"/>
  <testcase classname="pro.dataprovider_proj.test" name="testWithMultiData" time="12.335"/>
  <testcase classname="pro.dataprovider_proj.test" name="testWithMultiData" time="16.988"/>
  <testcase classname="pro.dataprovider_proj.test" name="testWithMultiData" time="19.096"/>
  <testcase classname="pro.dataprovider_proj.test" name="testWithMultiData" time="6.623"/>
</testsuite> <!-- Test -->
