<?xml version="1.0" encoding="UTF-8"?>
<!-- Generated by org.testng.reporters.JUnitXMLReporter -->
<testsuite ignored="0" hostname="LAPTOP-KJN1LOHG" failures="0" tests="8" name="Test" time="111.077" errors="0" timestamp="2025-12-16T14:35:54 IST">
  <testcase classname="DataProvider_HRM.Test" name="test" time="16.1"/>
  <testcase classname="DataProvider_HRM.Test" name="test" time="21.001"/>
  <testcase classname="DataProvider_HRM.Test" name="test" time="18.58"/>
  <testcase classname="DataProvider_HRM.Test" name="test" time="12.776"/>
  <testcase classname="pro.dataprovider_proj.test" name="testWithMultiData" time="6.4"/>
  <testcase classname="pro.dataprovider_proj.test" name="testWithMultiData" time="14.806"/>
  <testcase classname="pro.dataprovider_proj.test" name="testWithMultiData" time="15.239"/>
  <testcase classname="pro.dataprovider_proj.test" name="testWithMultiData" time="6.053"/>
</testsuite> <!-- Test -->
