<?xml version="1.0" encoding="UTF-8"?>
<testng-results ignored="0" total="8" passed="8" failed="0" skipped="0">
  <reporter-output>
  </reporter-output>
  <suite started-at="2025-12-16T14:34:03 IST" name="Suite" finished-at="2025-12-16T14:35:54 IST" duration-ms="111077">
    <groups>
    </groups>
    <test started-at="2025-12-16T14:34:03 IST" name="Test" finished-at="2025-12-16T14:35:54 IST" duration-ms="111077">
      <class name="DataProvider_HRM.Test">
        <test-method signature="test(java.lang.String,java.lang.String,java.lang.String)[pri:0, instance:DataProvider_HRM.Test@479d31f3]" started-at="2025-12-16T14:34:03 IST" name="test" data-provider="LoginData" finished-at="2025-12-16T14:34:19 IST" duration-ms="16100" status="PASS">
          <params>
            <param index="0">
              <value>
                <![CDATA[Admin]]>
              </value>
            </param>
            <param index="1">
              <value>
                <![CDATA[admin123]]>
              </value>
            </param>
            <param index="2">
              <value>
                <![CDATA[Valid]]>
              </value>
            </param>
          </params>
          <reporter-output>
          </reporter-output>
        </test-method> <!-- test -->
        <test-method signature="test(java.lang.String,java.lang.String,java.lang.String)[pri:0, instance:DataProvider_HRM.Test@479d31f3]" started-at="2025-12-16T14:34:19 IST" name="test" data-provider="LoginData" finished-at="2025-12-16T14:34:40 IST" duration-ms="21001" status="PASS">
          <params>
            <param index="0">
              <value>
                <![CDATA[lakshsdami@yahoo.com]]>
              </value>
            </param>
            <param index="1">
              <value>
                <![CDATA[Lasadxmi]]>
              </value>
            </param>
            <param index="2">
              <value>
                <![CDATA[Invalid]]>
              </value>
            </param>
          </params>
          <reporter-output>
          </reporter-output>
        </test-method> <!-- test -->
        <test-method signature="test(java.lang.String,java.lang.String,java.lang.String)[pri:0, instance:DataProvider_HRM.Test@479d31f3]" started-at="2025-12-16T14:34:40 IST" name="test" data-provider="LoginData" finished-at="2025-12-16T14:34:59 IST" duration-ms="18580" status="PASS">
          <params>
            <param index="0">
              <value>
                <![CDATA[laksdasdadh@yahoo.com]]>
              </value>
            </param>
            <param index="1">
              <value>
                <![CDATA[Laasdkshmi]]>
              </value>
            </param>
            <param index="2">
              <value>
                <![CDATA[Invalid]]>
              </value>
            </param>
          </params>
          <reporter-output>
          </reporter-output>
        </test-method> <!-- test -->
        <test-method signature="test(java.lang.String,java.lang.String,java.lang.String)[pri:0, instance:DataProvider_HRM.Test@479d31f3]" started-at="2025-12-16T14:34:59 IST" name="test" data-provider="LoginData" finished-at="2025-12-16T14:35:12 IST" duration-ms="12776" status="PASS">
          <params>
            <param index="0">
              <value>
                <![CDATA[Admin]]>
              </value>
            </param>
            <param index="1">
              <value>
                <![CDATA[admin123]]>
              </value>
            </param>
            <param index="2">
              <value>
                <![CDATA[Valid]]>
              </value>
            </param>
          </params>
          <reporter-output>
          </reporter-output>
        </test-method> <!-- test -->
      </class> <!-- DataProvider_HRM.Test -->
      <class name="pro.dataprovider_proj.test">
        <test-method signature="testWithMultiData(java.lang.String,java.lang.String,java.lang.String)[pri:0, instance:pro.dataprovider_proj.test@123ef382]" started-at="2025-12-16T14:35:12 IST" name="testWithMultiData" data-provider="LoginData" finished-at="2025-12-16T14:35:18 IST" duration-ms="6400" status="PASS">
          <params>
            <param index="0">
              <value>
                <![CDATA[srinivastrainer4@gmail.com]]>
              </value>
            </param>
            <param index="1">
              <value>
                <![CDATA[Welcome@123]]>
              </value>
            </param>
            <param index="2">
              <value>
                <![CDATA[Valid]]>
              </value>
            </param>
          </params>
          <reporter-output>
          </reporter-output>
        </test-method> <!-- testWithMultiData -->
        <test-method signature="testWithMultiData(java.lang.String,java.lang.String,java.lang.String)[pri:0, instance:pro.dataprovider_proj.test@123ef382]" started-at="2025-12-16T14:35:18 IST" name="testWithMultiData" data-provider="LoginData" finished-at="2025-12-16T14:35:33 IST" duration-ms="14806" status="PASS">
          <params>
            <param index="0">
              <value>
                <![CDATA[lakshsdami@yahoo.com]]>
              </value>
            </param>
            <param index="1">
              <value>
                <![CDATA[Lasadxmi]]>
              </value>
            </param>
            <param index="2">
              <value>
                <![CDATA[Invalid]]>
              </value>
            </param>
          </params>
          <reporter-output>
          </reporter-output>
        </test-method> <!-- testWithMultiData -->
        <test-method signature="testWithMultiData(java.lang.String,java.lang.String,java.lang.String)[pri:0, instance:pro.dataprovider_proj.test@123ef382]" started-at="2025-12-16T14:35:33 IST" name="testWithMultiData" data-provider="LoginData" finished-at="2025-12-16T14:35:48 IST" duration-ms="15239" status="PASS">
          <params>
            <param index="0">
              <value>
                <![CDATA[laksdasdadh@yahoo.com]]>
              </value>
            </param>
            <param index="1">
              <value>
                <![CDATA[Laasdkshmi]]>
              </value>
            </param>
            <param index="2">
              <value>
                <![CDATA[Invalid]]>
              </value>
            </param>
          </params>
          <reporter-output>
          </reporter-output>
        </test-method> <!-- testWithMultiData -->
        <test-method signature="testWithMultiData(java.lang.String,java.lang.String,java.lang.String)[pri:0, instance:pro.dataprovider_proj.test@123ef382]" started-at="2025-12-16T14:35:48 IST" name="testWithMultiData" data-provider="LoginData" finished-at="2025-12-16T14:35:54 IST" duration-ms="6053" status="PASS">
          <params>
            <param index="0">
              <value>
                <![CDATA[abc123@gmail.com]]>
              </value>
            </param>
            <param index="1">
              <value>
                <![CDATA[test@123]]>
              </value>
            </param>
            <param index="2">
              <value>
                <![CDATA[Valid]]>
              </value>
            </param>
          </params>
          <reporter-output>
          </reporter-output>
        </test-method> <!-- testWithMultiData -->
      </class> <!-- pro.dataprovider_proj.test -->
    </test> <!-- Test -->
  </suite> <!-- Suite -->
</testng-results>
