<?xml version="1.0" encoding="UTF-8"?>
<testng-results ignored="0" total="4" passed="4" failed="0" skipped="0">
  <reporter-output>
  </reporter-output>
  <suite started-at="2025-12-17T09:44:03 IST" name="Default suite" finished-at="2025-12-17T09:44:47 IST" duration-ms="43822">
    <groups>
    </groups>
    <test started-at="2025-12-17T09:44:03 IST" name="Default test" finished-at="2025-12-17T09:44:47 IST" duration-ms="43822">
      <class name="pro.dataprovider_proj.test">
        <test-method signature="testWithMultiData(java.lang.String,java.lang.String,java.lang.String)[pri:0, instance:pro.dataprovider_proj.test@76505305]" started-at="2025-12-17T09:44:03 IST" name="testWithMultiData" data-provider="LoginData" finished-at="2025-12-17T09:44:11 IST" duration-ms="7543" status="PASS">
          <params>
            <param index="0">
              <value>
                <![CDATA[srinivastrainer4@gmail.com]]>
              </value>
            </param>
            <param index="1">
              <value>
                <![CDATA[Welcome@123]]>
              </value>
            </param>
            <param index="2">
              <value>
                <![CDATA[Valid]]>
              </value>
            </param>
          </params>
          <reporter-output>
          </reporter-output>
        </test-method> <!-- testWithMultiData -->
        <test-method signature="testWithMultiData(java.lang.String,java.lang.String,java.lang.String)[pri:0, instance:pro.dataprovider_proj.test@76505305]" started-at="2025-12-17T09:44:11 IST" name="testWithMultiData" data-provider="LoginData" finished-at="2025-12-17T09:44:26 IST" duration-ms="15030" status="PASS">
          <params>
            <param index="0">
              <value>
                <![CDATA[lakshsdami@yahoo.com]]>
              </value>
            </param>
            <param index="1">
              <value>
                <![CDATA[Lasadxmi]]>
              </value>
            </param>
            <param index="2">
              <value>
                <![CDATA[Invalid]]>
              </value>
            </param>
          </params>
          <reporter-output>
          </reporter-output>
        </test-method> <!-- testWithMultiData -->
        <test-method signature="testWithMultiData(java.lang.String,java.lang.String,java.lang.String)[pri:0, instance:pro.dataprovider_proj.test@76505305]" started-at="2025-12-17T09:44:26 IST" name="testWithMultiData" data-provider="LoginData" finished-at="2025-12-17T09:44:40 IST" duration-ms="14362" status="PASS">
          <params>
            <param index="0">
              <value>
                <![CDATA[laksdasdadh@yahoo.com]]>
              </value>
            </param>
            <param index="1">
              <value>
                <![CDATA[Laasdkshmi]]>
              </value>
            </param>
            <param index="2">
              <value>
                <![CDATA[Invalid]]>
              </value>
            </param>
          </params>
          <reporter-output>
          </reporter-output>
        </test-method> <!-- testWithMultiData -->
        <test-method signature="testWithMultiData(java.lang.String,java.lang.String,java.lang.String)[pri:0, instance:pro.dataprovider_proj.test@76505305]" started-at="2025-12-17T09:44:40 IST" name="testWithMultiData" data-provider="LoginData" finished-at="2025-12-17T09:44:47 IST" duration-ms="6836" status="PASS">
          <params>
            <param index="0">
              <value>
                <![CDATA[abc123@gmail.com]]>
              </value>
            </param>
            <param index="1">
              <value>
                <![CDATA[test@123]]>
              </value>
            </param>
            <param index="2">
              <value>
                <![CDATA[Valid]]>
              </value>
            </param>
          </params>
          <reporter-output>
          </reporter-output>
        </test-method> <!-- testWithMultiData -->
      </class> <!-- pro.dataprovider_proj.test -->
    </test> <!-- Default test -->
  </suite> <!-- Default suite -->
</testng-results>
