<?xml version="1.0" encoding="UTF-8"?>
<testng-results ignored="0" total="8" passed="8" failed="0" skipped="0">
  <reporter-output>
  </reporter-output>
  <suite started-at="2025-12-16T14:08:50 IST" name="Suite" finished-at="2025-12-16T14:10:54 IST" duration-ms="123417">
    <groups>
    </groups>
    <test started-at="2025-12-16T14:08:50 IST" name="Test" finished-at="2025-12-16T14:10:54 IST" duration-ms="123417">
      <class name="DataProvider_HRM.Test">
        <test-method signature="test(java.lang.String,java.lang.String,java.lang.String)[pri:0, instance:DataProvider_HRM.Test@4218d6a3]" started-at="2025-12-16T14:08:50 IST" name="test" data-provider="LoginData" finished-at="2025-12-16T14:09:06 IST" duration-ms="15886" status="PASS">
          <params>
            <param index="0">
              <value>
                <![CDATA[Admin]]>
              </value>
            </param>
            <param index="1">
              <value>
                <![CDATA[admin123]]>
              </value>
            </param>
            <param index="2">
              <value>
                <![CDATA[Valid]]>
              </value>
            </param>
          </params>
          <reporter-output>
          </reporter-output>
        </test-method> <!-- test -->
        <test-method signature="test(java.lang.String,java.lang.String,java.lang.String)[pri:0, instance:DataProvider_HRM.Test@4218d6a3]" started-at="2025-12-16T14:09:06 IST" name="test" data-provider="LoginData" finished-at="2025-12-16T14:09:25 IST" duration-ms="18529" status="PASS">
          <params>
            <param index="0">
              <value>
                <![CDATA[lakshsdami@yahoo.com]]>
              </value>
            </param>
            <param index="1">
              <value>
                <![CDATA[Lasadxmi]]>
              </value>
            </param>
            <param index="2">
              <value>
                <![CDATA[Invalid]]>
              </value>
            </param>
          </params>
          <reporter-output>
          </reporter-output>
        </test-method> <!-- test -->
        <test-method signature="test(java.lang.String,java.lang.String,java.lang.String)[pri:0, instance:DataProvider_HRM.Test@4218d6a3]" started-at="2025-12-16T14:09:25 IST" name="test" data-provider="LoginData" finished-at="2025-12-16T14:09:45 IST" duration-ms="20501" status="PASS">
          <params>
            <param index="0">
              <value>
                <![CDATA[laksdasdadh@yahoo.com]]>
              </value>
            </param>
            <param index="1">
              <value>
                <![CDATA[Laasdkshmi]]>
              </value>
            </param>
            <param index="2">
              <value>
                <![CDATA[Invalid]]>
              </value>
            </param>
          </params>
          <reporter-output>
          </reporter-output>
        </test-method> <!-- test -->
        <test-method signature="test(java.lang.String,java.lang.String,java.lang.String)[pri:0, instance:DataProvider_HRM.Test@4218d6a3]" started-at="2025-12-16T14:09:45 IST" name="test" data-provider="LoginData" finished-at="2025-12-16T14:09:59 IST" duration-ms="13286" status="PASS">
          <params>
            <param index="0">
              <value>
                <![CDATA[Admin]]>
              </value>
            </param>
            <param index="1">
              <value>
                <![CDATA[admin123]]>
              </value>
            </param>
            <param index="2">
              <value>
                <![CDATA[Valid]]>
              </value>
            </param>
          </params>
          <reporter-output>
          </reporter-output>
        </test-method> <!-- test -->
      </class> <!-- DataProvider_HRM.Test -->
      <class name="pro.dataprovider_proj.test">
        <test-method signature="testWithMultiData(java.lang.String,java.lang.String,java.lang.String)[pri:0, instance:pro.dataprovider_proj.test@34123d65]" started-at="2025-12-16T14:09:59 IST" name="testWithMultiData" data-provider="LoginData" finished-at="2025-12-16T14:10:11 IST" duration-ms="12335" status="PASS">
          <params>
            <param index="0">
              <value>
                <![CDATA[srinivastrainer4@gmail.com]]>
              </value>
            </param>
            <param index="1">
              <value>
                <![CDATA[Welcome@123]]>
              </value>
            </param>
            <param index="2">
              <value>
                <![CDATA[Valid]]>
              </value>
            </param>
          </params>
          <reporter-output>
          </reporter-output>
        </test-method> <!-- testWithMultiData -->
        <test-method signature="testWithMultiData(java.lang.String,java.lang.String,java.lang.String)[pri:0, instance:pro.dataprovider_proj.test@34123d65]" started-at="2025-12-16T14:10:11 IST" name="testWithMultiData" data-provider="LoginData" finished-at="2025-12-16T14:10:28 IST" duration-ms="16988" status="PASS">
          <params>
            <param index="0">
              <value>
                <![CDATA[lakshsdami@yahoo.com]]>
              </value>
            </param>
            <param index="1">
              <value>
                <![CDATA[Lasadxmi]]>
              </value>
            </param>
            <param index="2">
              <value>
                <![CDATA[Invalid]]>
              </value>
            </param>
          </params>
          <reporter-output>
          </reporter-output>
        </test-method> <!-- testWithMultiData -->
        <test-method signature="testWithMultiData(java.lang.String,java.lang.String,java.lang.String)[pri:0, instance:pro.dataprovider_proj.test@34123d65]" started-at="2025-12-16T14:10:28 IST" name="testWithMultiData" data-provider="LoginData" finished-at="2025-12-16T14:10:47 IST" duration-ms="19096" status="PASS">
          <params>
            <param index="0">
              <value>
                <![CDATA[laksdasdadh@yahoo.com]]>
              </value>
            </param>
            <param index="1">
              <value>
                <![CDATA[Laasdkshmi]]>
              </value>
            </param>
            <param index="2">
              <value>
                <![CDATA[Invalid]]>
              </value>
            </param>
          </params>
          <reporter-output>
          </reporter-output>
        </test-method> <!-- testWithMultiData -->
        <test-method signature="testWithMultiData(java.lang.String,java.lang.String,java.lang.String)[pri:0, instance:pro.dataprovider_proj.test@34123d65]" started-at="2025-12-16T14:10:47 IST" name="testWithMultiData" data-provider="LoginData" finished-at="2025-12-16T14:10:54 IST" duration-ms="6623" status="PASS">
          <params>
            <param index="0">
              <value>
                <![CDATA[abc123@gmail.com]]>
              </value>
            </param>
            <param index="1">
              <value>
                <![CDATA[test@123]]>
              </value>
            </param>
            <param index="2">
              <value>
                <![CDATA[Valid]]>
              </value>
            </param>
          </params>
          <reporter-output>
          </reporter-output>
        </test-method> <!-- testWithMultiData -->
      </class> <!-- pro.dataprovider_proj.test -->
    </test> <!-- Test -->
  </suite> <!-- Suite -->
</testng-results>
