<?xml version="1.0" encoding="UTF-8"?>
<!-- Generated by org.testng.reporters.JUnitReportReporter -->
<testsuite hostname="LAPTOP-KJN1LOHG" failures="0" tests="4" name="pro.dataprovider_proj.test" time="55.042" errors="0" timestamp="2025-12-16T14:10:54 IST" skipped="0">
  <testcase classname="pro.dataprovider_proj.test" name="testWithMultiData" time="6.623"/>
  <testcase classname="pro.dataprovider_proj.test" name="testWithMultiData" time="12.335"/>
  <testcase classname="pro.dataprovider_proj.test" name="testWithMultiData" time="19.096"/>
  <testcase classname="pro.dataprovider_proj.test" name="testWithMultiData" time="16.988"/>
</testsuite> <!-- pro.dataprovider_proj.test -->
