<?xml version="1.0" encoding="UTF-8"?>
<!-- Generated by org.testng.reporters.JUnitReportReporter -->
<testsuite hostname="LAPTOP-KJN1LOHG" failures="0" tests="4" name="DataProvider_HRM.Test" time="68.202" errors="0" timestamp="2025-12-16T14:10:54 IST" skipped="0">
  <testcase classname="DataProvider_HRM.Test" name="test" time="18.529"/>
  <testcase classname="DataProvider_HRM.Test" name="test" time="20.501"/>
  <testcase classname="DataProvider_HRM.Test" name="test" time="13.286"/>
  <testcase classname="DataProvider_HRM.Test" name="test" time="15.886"/>
</testsuite> <!-- DataProvider_HRM.Test -->
