<?xml version="1.0" encoding="UTF-8"?>
<!-- Generated by org.testng.reporters.JUnitReportReporter -->
<testsuite hostname="LAPTOP-KJN1LOHG" failures="0" tests="4" name="pro.dataprovider_proj.test" time="43.771" errors="0" timestamp="2025-12-17T09:44:47 IST" skipped="0">
  <testcase classname="pro.dataprovider_proj.test" name="testWithMultiData" time="15.030"/>
  <testcase classname="pro.dataprovider_proj.test" name="testWithMultiData" time="14.362"/>
  <testcase classname="pro.dataprovider_proj.test" name="testWithMultiData" time="6.836"/>
  <testcase classname="pro.dataprovider_proj.test" name="testWithMultiData" time="7.543"/>
</testsuite> <!-- pro.dataprovider_proj.test -->
