<?xml version="1.0" encoding="UTF-8"?>
<!-- Generated by org.testng.reporters.JUnitReportReporter -->
<testsuite hostname="LAPTOP-KJN1LOHG" failures="0" tests="4" name="DataProvider_HRM.Test" time="68.457" errors="0" timestamp="2025-12-16T14:35:54 IST" skipped="0">
  <testcase classname="DataProvider_HRM.Test" name="test" time="18.580"/>
  <testcase classname="DataProvider_HRM.Test" name="test" time="16.100"/>
  <testcase classname="DataProvider_HRM.Test" name="test" time="12.776"/>
  <testcase classname="DataProvider_HRM.Test" name="test" time="21.001"/>
</testsuite> <!-- DataProvider_HRM.Test -->
