<?xml version="1.0" encoding="UTF-8"?>
<!-- Generated by org.testng.reporters.JUnitReportReporter -->
<testsuite hostname="LAPTOP-KJN1LOHG" failures="0" tests="4" name="pro.dataprovider_proj.test" time="42.498" errors="0" timestamp="2025-12-16T14:35:54 IST" skipped="0">
  <testcase classname="pro.dataprovider_proj.test" name="testWithMultiData" time="14.806"/>
  <testcase classname="pro.dataprovider_proj.test" name="testWithMultiData" time="15.239"/>
  <testcase classname="pro.dataprovider_proj.test" name="testWithMultiData" time="6.400"/>
  <testcase classname="pro.dataprovider_proj.test" name="testWithMultiData" time="6.053"/>
</testsuite> <!-- pro.dataprovider_proj.test -->
